IQMobileApp/app/build/outputs/logs/manifest-merger-debug-report.txt
-- Merging decision tree log ---
manifest
ADDED from src\main\AndroidManifest.xml:2:1-69:12
	package
		ADDED from src\main\AndroidManifest.xml:3:5-40
		INJECTED from src\main\AndroidManifest.xml
		INJECTED from src\main\AndroidManifest.xml
	android:versionName
		INJECTED from src\main\AndroidManifest.xml
		INJECTED from src\main\AndroidManifest.xml
	xmlns:android
		ADDED from src\main\AndroidManifest.xml:2:11-69
	android:versionCode
		INJECTED from src\main\AndroidManifest.xml
		INJECTED from src\main\AndroidManifest.xml
uses-permission#android.permission.INTERNET
ADDED from src\main\AndroidManifest.xml:5:5-67
MERGED from [IQMobileApp:core:unspecified] AndroidManifest.xml:11:5-67
	android:name
		ADDED from src\main\AndroidManifest.xml:5:22-64
application
ADDED from src\main\AndroidManifest.xml:7:5-67:19
MERGED from [IQMobileApp:presentation:unspecified] AndroidManifest.xml:11:5-15:19
MERGED from [IQMobileApp:core:unspecified] AndroidManifest.xml:13:5-17:19
MERGED from [IQMobileApp:wizardroid:unspecified] AndroidManifest.xml:12:5-20
MERGED from [IQMobileApp:validationlibrary:unspecified] AndroidManifest.xml:12:5-20
MERGED from [com.android.support:cardview-v7:25.3.1] AndroidManifest.xml:26:5-20
MERGED from [com.android.support:design:25.3.1] AndroidManifest.xml:29:5-20
MERGED from [com.android.support:appcompat-v7:25.3.1] AndroidManifest.xml:29:5-20
MERGED from [com.android.support:animated-vector-drawable:25.3.1] AndroidManifest.xml:26:5-20
MERGED from [com.android.support:support-vector-drawable:25.3.1] AndroidManifest.xml:26:5-20
MERGED from [com.android.support:transition:25.3.1] AndroidManifest.xml:26:5-20
MERGED from [com.android.support:support-v4:25.3.1] AndroidManifest.xml:29:5-20
MERGED from [com.android.support:support-fragment:25.3.1] AndroidManifest.xml:29:5-20
MERGED from [com.android.support:support-media-compat:25.3.1] AndroidManifest.xml:29:5-20
MERGED from [com.android.support:support-core-ui:25.3.1] AndroidManifest.xml:29:5-20
MERGED from [com.android.support:support-core-utils:25.3.1] AndroidManifest.xml:29:5-20
MERGED from [com.android.support:support-compat:25.3.1] AndroidManifest.xml:29:5-20
MERGED from [com.android.support.constraint:constraint-layout:1.0.2] AndroidManifest.xml:9:5-20
	android:label
		ADDED from src\main\AndroidManifest.xml:11:9-41
	android:supportsRtl
		ADDED from src\main\AndroidManifest.xml:12:9-35
	android:windowSoftInputMode
		ADDED from src\main\AndroidManifest.xml:14:9-50
	android:allowBackup
		ADDED from src\main\AndroidManifest.xml:9:9-35
	android:icon
		ADDED from src\main\AndroidManifest.xml:10:9-43
	android:theme
		ADDED from src\main\AndroidManifest.xml:13:9-40
	android:name
		ADDED from src\main\AndroidManifest.xml:8:9-44
activity#com.thepalladiumgroup.iqm.LoginActivity
ADDED from src\main\AndroidManifest.xml:15:9-21:20
	android:name
		ADDED from src\main\AndroidManifest.xml:15:19-48
intent-filter#android.intent.action.MAIN+android.intent.category.LAUNCHER
ADDED from src\main\AndroidManifest.xml:16:13-20:29
action#android.intent.action.MAIN
ADDED from src\main\AndroidManifest.xml:17:17-69
	android:name
		ADDED from src\main\AndroidManifest.xml:17:25-66
category#android.intent.category.LAUNCHER
ADDED from src\main\AndroidManifest.xml:19:17-77
	android:name
		ADDED from src\main\AndroidManifest.xml:19:27-74
activity#com.thepalladiumgroup.iqm.MainActivity
ADDED from src\main\AndroidManifest.xml:22:9-24:45
	android:launchMode
		ADDED from src\main\AndroidManifest.xml:24:13-42
	android:name
		ADDED from src\main\AndroidManifest.xml:23:13-41
activity#com.thepalladiumgroup.iqm.FindAddPatientActivity
ADDED from src\main\AndroidManifest.xml:25:9-32:20
	android:parentActivityName
		ADDED from src\main\AndroidManifest.xml:28:13-55
	android:launchMode
		ADDED from src\main\AndroidManifest.xml:27:13-42
	android:name
		ADDED from src\main\AndroidManifest.xml:26:13-51
meta-data#android.support.PARENT_ACTIVITY
ADDED from src\main\AndroidManifest.xml:29:13-31:49
	android:value
		ADDED from src\main\AndroidManifest.xml:31:17-46
	android:name
		ADDED from src\main\AndroidManifest.xml:30:17-63
activity#com.thepalladiumgroup.iqm.RegisterActivity
ADDED from src\main\AndroidManifest.xml:33:9-54
	android:name
		ADDED from src\main\AndroidManifest.xml:33:19-51
activity#com.thepalladiumgroup.iqm.SyncActivity
ADDED from src\main\AndroidManifest.xml:34:9-40:20
	android:parentActivityName
		ADDED from src\main\AndroidManifest.xml:36:13-55
	android:name
		ADDED from src\main\AndroidManifest.xml:35:13-41
activity#com.thepalladiumgroup.iqm.DeviceActivity
ADDED from src\main\AndroidManifest.xml:41:9-47:20
	android:parentActivityName
		ADDED from src\main\AndroidManifest.xml:43:13-55
	android:name
		ADDED from src\main\AndroidManifest.xml:42:13-43
activity#com.thepalladiumgroup.iqm.PateintManagerActivity
ADDED from src\main\AndroidManifest.xml:48:9-55:20
	android:parentActivityName
		ADDED from src\main\AndroidManifest.xml:51:13-65
	android:launchMode
		ADDED from src\main\AndroidManifest.xml:50:13-42
	android:name
		ADDED from src\main\AndroidManifest.xml:49:13-51
activity#com.thepalladiumgroup.iqm.ObservationActivity
ADDED from src\main\AndroidManifest.xml:56:9-62:20
	android:parentActivityName
		ADDED from src\main\AndroidManifest.xml:58:13-65
	android:name
		ADDED from src\main\AndroidManifest.xml:57:13-48
activity#com.thepalladiumgroup.iqm.PatientListActivity
ADDED from src\main\AndroidManifest.xml:63:9-57
	android:name
		ADDED from src\main\AndroidManifest.xml:63:19-54
activity#com.thepalladiumgroup.iqm.SettingsActivity
ADDED from src\main\AndroidManifest.xml:64:9-66:63
	android:label
		ADDED from src\main\AndroidManifest.xml:66:13-60
	android:name
		ADDED from src\main\AndroidManifest.xml:65:13-45
uses-sdk
INJECTED from src\main\AndroidManifest.xml reason: use-sdk injection requested
MERGED from [com.android.support:multidex:1.0.1] AndroidManifest.xml:18:5-42
MERGED from [IQMobileApp:presentation:unspecified] AndroidManifest.xml:7:5-9:41
MERGED from [IQMobileApp:core:unspecified] AndroidManifest.xml:7:5-9:41
MERGED from [IQMobileApp:wizardroid:unspecified] AndroidManifest.xml:8:5-10:41
MERGED from [IQMobileApp:validationlibrary:unspecified] AndroidManifest.xml:8:5-10:41
MERGED from [com.android.support:cardview-v7:25.3.1] AndroidManifest.xml:20:5-43
MERGED from [com.android.support:design:25.3.1] AndroidManifest.xml:21:5-23:62
MERGED from [com.android.support:appcompat-v7:25.3.1] AndroidManifest.xml:21:5-23:78
MERGED from [com.android.support:animated-vector-drawable:25.3.1] AndroidManifest.xml:20:5-44
MERGED from [com.android.support:support-vector-drawable:25.3.1] AndroidManifest.xml:20:5-43
MERGED from [com.android.support:recyclerview-v7:25.3.1] AndroidManifest.xml:20:5-43
MERGED from [com.android.support:transition:25.3.1] AndroidManifest.xml:20:5-44
MERGED from [com.android.support:support-v4:25.3.1] AndroidManifest.xml:21:5-23:54
MERGED from [com.android.support:support-fragment:25.3.1] AndroidManifest.xml:21:5-23:60
MERGED from [com.android.support:support-media-compat:25.3.1] AndroidManifest.xml:21:5-23:63
MERGED from [com.android.support:support-core-ui:25.3.1] AndroidManifest.xml:21:5-23:58
MERGED from [com.android.support:support-core-utils:25.3.1] AndroidManifest.xml:21:5-23:61
MERGED from [com.android.support:support-compat:25.3.1] AndroidManifest.xml:21:5-23:58
MERGED from [com.android.support.constraint:constraint-layout:1.0.2] AndroidManifest.xml:5:5-7:41
	tools:overrideLibrary
		ADDED from [com.android.support:design:25.3.1] AndroidManifest.xml:23:9-59
	android:targetSdkVersion
		INJECTED from src\main\AndroidManifest.xml
		INJECTED from src\main\AndroidManifest.xml
	android:minSdkVersion
		INJECTED from src\main\AndroidManifest.xml
		INJECTED from src\main\AndroidManifest.xml
meta-data#android.support.VERSION
ADDED from [com.android.support:cardview-v7:25.3.1] AndroidManifest.xml:22:5-24:34
MERGED from [com.android.support:design:25.3.1] AndroidManifest.xml:25:5-27:34
MERGED from [com.android.support:appcompat-v7:25.3.1] AndroidManifest.xml:25:5-27:34
MERGED from [com.android.support:animated-vector-drawable:25.3.1] AndroidManifest.xml:22:5-24:34
MERGED from [com.android.support:support-vector-drawable:25.3.1] AndroidManifest.xml:22:5-24:34
MERGED from [com.android.support:recyclerview-v7:25.3.1] AndroidManifest.xml:22:5-24:34
MERGED from [com.android.support:transition:25.3.1] AndroidManifest.xml:22:5-24:34
MERGED from [com.android.support:support-v4:25.3.1] AndroidManifest.xml:25:5-27:34
MERGED from [com.android.support:support-fragment:25.3.1] AndroidManifest.xml:25:5-27:34
MERGED from [com.android.support:support-media-compat:25.3.1] AndroidManifest.xml:25:5-27:34
MERGED from [com.android.support:support-core-ui:25.3.1] AndroidManifest.xml:25:5-27:34
MERGED from [com.android.support:support-core-utils:25.3.1] AndroidManifest.xml:25:5-27:34
MERGED from [com.android.support:support-compat:25.3.1] AndroidManifest.xml:25:5-27:34
	android:value
		ADDED from [com.android.support:cardview-v7:25.3.1] AndroidManifest.xml:24:9-31
	android:name
		ADDED from [com.android.support:cardview-v7:25.3.1] AndroidManifest.xml:23:9-47